load models...
start training

0%   10   20   30   40   50   60   70   80   90   100%
|----|----|----|----|----|----|----|----|----|----|
***************************************************
803.972s elapsed.
9656/10000

0%   10   20   30   40   50   60   70   80   90   100%
|----|----|----|----|----|----|----|----|----|----|
***************************************************
803.496s elapsed.
9779/10000

0%   10   20   30   40   50   60   70   80   90   100%
|----|----|----|----|----|----|----|----|----|----|
***************************************************
812.019s elapsed.
9817/10000

0%   10   20   30   40   50   60   70   80   90   100%
|----|----|----|----|----|----|----|----|----|----|
***************************************************
812.172s elapsed.
9836/10000

0%   10   20   30   40   50   60   70   80   90   100%
|----|----|----|----|----|----|----|----|----|----|
***************************************************
812.736s elapsed.
9843/10000

0%   10   20   30   40   50   60   70   80   90   100%
|----|----|----|----|----|----|----|----|----|----|
end training.
accuracy:98.42% (9842/10000)
    *     0     1     2     3     4     5     6     7     8     9 
    0   974     0     5     0     1     2     5     1     4     0 
    1     0  1129     1     0     0     1     2     5     0     4 
    2     0     0  1013     2     1     0     1    12     1     0 
    3     0     2     3   998     0     4     0     3     4     1 
    4     0     0     1     0   965     1     1     1     5    11 
    5     0     1     0     1     0   880     1     0     1     1 
    6     2     2     0     0     5     3   945     0     1     2 
    7     1     0     7     6     0     0     0  1001     2     3 
    8     2     1     2     2     2     0     3     0   953     3 
    9     1     0     0     1     8     1     0     5     3   984 
terminate called after throwing an instance of 'tiny_dnn::nn_error'
  what():  Typename is not registered
