load models...
start training

0%   10   20   30   40   50   60   70   80   90   100%
|----|----|----|----|----|----|----|----|----|----|
***************************************************
809.964s elapsed.
957/10000

0%   10   20   30   40   50   60   70   80   90   100%
|----|----|----|----|----|----|----|----|----|----|
***************************************************
807.02s elapsed.
958/10000

0%   10   20   30   40   50   60   70   80   90   100%
|----|----|----|----|----|----|----|----|----|----|
***************************************************
806.139s elapsed.
1008/10000

0%   10   20   30   40   50   60   70   80   90   100%
|----|----|----|----|----|----|----|----|----|----|
***************************************************
805.667s elapsed.
997/10000

0%   10   20   30   40   50   60   70   80   90   100%
|----|----|----|----|----|----|----|----|----|----|
***************************************************
806.872s elapsed.
983/10000

0%   10   20   30   40   50   60   70   80   90   100%
|----|----|----|----|----|----|----|----|----|----|
end training.
accuracy:10.01% (1001/10000)
    *     0     1     2     3     4     5     6     7     8     9 
    0   808   950   837   830   819   750   784   862   830   825 
    1    22    26    25    26    15    18    33    23    18    32 
    2    14    21    19    23    17    17    19    22    15    14 
    3    36    31    30    34    18    23    24    27    21    21 
    4    19    16    16    14    25    12    21    20    17    17 
    5    21    18    17    14    16     9    10    10    13    22 
    6    20    29    37    24    27    18    30    24    24    28 
    7    11     8    19    16    13    13     5    16    12    14 
    8    14    27    14    17    14    21    23    14    13    15 
    9    15     9    18    12    18    11     9    10    11    21 
terminate called after throwing an instance of 'tiny_dnn::nn_error'
  what():  Typename is not registered
