load models...
start training

0%   10   20   30   40   50   60   70   80   90   100%
|----|----|----|----|----|----|----|----|----|----|
***************************************************
788.936s elapsed.
6953/10000

0%   10   20   30   40   50   60   70   80   90   100%
|----|----|----|----|----|----|----|----|----|----|
***************************************************
788.701s elapsed.
6987/10000

0%   10   20   30   40   50   60   70   80   90   100%
|----|----|----|----|----|----|----|----|----|----|
***************************************************
800.464s elapsed.
7008/10000

0%   10   20   30   40   50   60   70   80   90   100%
|----|----|----|----|----|----|----|----|----|----|
***************************************************
801.105s elapsed.
7023/10000

0%   10   20   30   40   50   60   70   80   90   100%
|----|----|----|----|----|----|----|----|----|----|
***************************************************
800.482s elapsed.
7025/10000

0%   10   20   30   40   50   60   70   80   90   100%
|----|----|----|----|----|----|----|----|----|----|
end training.
accuracy:70.21% (7021/10000)
    *     0     1     2     3     4     5     6     7     8     9 
    0   973     0     5     0    64    42     5    29     4     3 
    1     0  1129     1     0    26    45     2    36     0     4 
    2     0     1  1018     4    91    56     1   107     1     0 
    3     0     2     1  1004   168   237     2   192     4     8 
    4     0     0     0     0     0     0     0     0     0     0 
    5     0     0     0     0     0     0     0     0     0     0 
    6     5     2     1     0    93   113   943    99     2     0 
    7     0     0     0     0     0     0     0     0     0     0 
    8     2     1     6     1   216    70     4   136   961     1 
    9     0     0     0     1   324   329     1   429     2   993 
terminate called after throwing an instance of 'tiny_dnn::nn_error'
  what():  Typename is not registered
