load models...
start training

0%   10   20   30   40   50   60   70   80   90   100%
|----|----|----|----|----|----|----|----|----|----|
***************************************************
786.712s elapsed.
7611/10000

0%   10   20   30   40   50   60   70   80   90   100%
|----|----|----|----|----|----|----|----|----|----|
***************************************************
783.305s elapsed.
8798/10000

0%   10   20   30   40   50   60   70   80   90   100%
|----|----|----|----|----|----|----|----|----|----|
***************************************************
783.077s elapsed.
8846/10000

0%   10   20   30   40   50   60   70   80   90   100%
|----|----|----|----|----|----|----|----|----|----|
***************************************************
784.749s elapsed.
9858/10000

0%   10   20   30   40   50   60   70   80   90   100%
|----|----|----|----|----|----|----|----|----|----|
***************************************************
784.103s elapsed.
9872/10000

0%   10   20   30   40   50   60   70   80   90   100%
|----|----|----|----|----|----|----|----|----|----|
end training.
accuracy:98.72% (9872/10000)
    *     0     1     2     3     4     5     6     7     8     9 
    0   973     0     3     0     0     2     4     1     4     0 
    1     0  1129     2     0     0     0     2     7     0     3 
    2     1     0  1013     1     0     0     0     5     2     0 
    3     0     3     2  1005     0     5     1     2     2     1 
    4     0     0     2     0   974     0     3     0     5     7 
    5     1     0     0     2     0   883     1     0     0     3 
    6     3     2     1     0     3     1   945     0     0     1 
    7     1     0     6     1     0     0     0  1005     2     3 
    8     1     1     3     1     1     0     2     1   954     0 
    9     0     0     0     0     4     1     0     7     5   991 
terminate called after throwing an instance of 'tiny_dnn::nn_error'
  what():  Typename is not registered
