load models...
start training

0%   10   20   30   40   50   60   70   80   90   100%
|----|----|----|----|----|----|----|----|----|----|
***************************************************
788.444s elapsed.
985/10000

0%   10   20   30   40   50   60   70   80   90   100%
|----|----|----|----|----|----|----|----|----|----|
***************************************************
795.041s elapsed.
981/10000

0%   10   20   30   40   50   60   70   80   90   100%
|----|----|----|----|----|----|----|----|----|----|
***************************************************
802.243s elapsed.
1010/10000

0%   10   20   30   40   50   60   70   80   90   100%
|----|----|----|----|----|----|----|----|----|----|
***************************************************
800.396s elapsed.
968/10000

0%   10   20   30   40   50   60   70   80   90   100%
|----|----|----|----|----|----|----|----|----|----|
***************************************************
800.02s elapsed.
969/10000

0%   10   20   30   40   50   60   70   80   90   100%
|----|----|----|----|----|----|----|----|----|----|
end training.
accuracy:9.89% (989/10000)
    *     0     1     2     3     4     5     6     7     8     9 
    0   928  1075   980   942   917   848   891   977   914   954 
    1     4     6     1     7     7     4     7     6     6     3 
    2     8     9     2     8     6     6     8     4     8     0 
    3     3     4     5     5     6     4     0     9     4     1 
    4    11     4     9    12    12     9    14     9    14    15 
    5     9    10     4     9     9     5     7     4     3     5 
    6     7    11    12    16     8     6    14     8    12    15 
    7     2     5     4     5     5     3     6     4     5     3 
    8     7     9     8     2     6     3     2     6     6     6 
    9     1     2     7     4     6     4     9     1     2     7 
terminate called after throwing an instance of 'tiny_dnn::nn_error'
  what():  Typename is not registered
