load models...
start training

0%   10   20   30   40   50   60   70   80   90   100%
|----|----|----|----|----|----|----|----|----|----|
***************************************************
804.315s elapsed.
7588/10000

0%   10   20   30   40   50   60   70   80   90   100%
|----|----|----|----|----|----|----|----|----|----|
***************************************************
799.613s elapsed.
7718/10000

0%   10   20   30   40   50   60   70   80   90   100%
|----|----|----|----|----|----|----|----|----|----|
***************************************************
799.943s elapsed.
7762/10000

0%   10   20   30   40   50   60   70   80   90   100%
|----|----|----|----|----|----|----|----|----|----|
***************************************************
799.877s elapsed.
8705/10000

0%   10   20   30   40   50   60   70   80   90   100%
|----|----|----|----|----|----|----|----|----|----|
***************************************************
799.453s elapsed.
8721/10000

0%   10   20   30   40   50   60   70   80   90   100%
|----|----|----|----|----|----|----|----|----|----|
end training.
accuracy:87.21% (8721/10000)
    *     0     1     2     3     4     5     6     7     8     9 
    0   972     1     1     0     1     2     4     1     2     1 
    1     0     0     0     0     0     0     0     0     0     0 
    2     0    49  1021     1     1     0     1    13     1     0 
    3     0   121     4   997     0     5     1     3     4     2 
    4     0   516     1     0   966     0     1     0     3     9 
    5     0    33     0     5     0   879     4     0     2     2 
    6     3    60     1     0     4     3   943     0     2     2 
    7     1    15     2     3     0     1     0  1002     2     2 
    8     3    96     2     3     1     1     4     0   955     5 
    9     1   244     0     1     9     1     0     9     3   986 
terminate called after throwing an instance of 'tiny_dnn::nn_error'
  what():  Typename is not registered
