load models...
start training

0%   10   20   30   40   50   60   70   80   90   100%
|----|----|----|----|----|----|----|----|----|----|
***************************************************
1121.78s elapsed.
974/10000

0%   10   20   30   40   50   60   70   80   90   100%
|----|----|----|----|----|----|----|----|----|----|
***************************************************
1118.48s elapsed.
1003/10000

0%   10   20   30   40   50   60   70   80   90   100%
|----|----|----|----|----|----|----|----|----|----|
***************************************************
1117.15s elapsed.
983/10000

0%   10   20   30   40   50   60   70   80   90   100%
|----|----|----|----|----|----|----|----|----|----|
***************************************************
1117.96s elapsed.
955/10000

0%   10   20   30   40   50   60   70   80   90   100%
|----|----|----|----|----|----|----|----|----|----|
***************************************************
1118.36s elapsed.
988/10000

0%   10   20   30   40   50   60   70   80   90   100%
|----|----|----|----|----|----|----|----|----|----|
end training.
accuracy:9.61% (961/10000)
    *     0     1     2     3     4     5     6     7     8     9 
    0   533   593   540   530   559   454   528   514   538   550 
    1    64    57    56    56    43    43    39    56    51    58 
    2    53    60    41    48    47    48    46    56    49    48 
    3    50    44    58    43    52    56    47    70    56    42 
    4    38    72    61    53    47    52    53    62    42    44 
    5    43    67    52    57    39    42    57    50    43    56 
    6    51    56    53    67    51    46    37    57    53    58 
    7    42    71    62    49    48    49    56    57    53    51 
    8    44    55    60    48    51    41    43    46    46    44 
    9    62    60    49    59    45    61    52    60    43    58 
terminate called after throwing an instance of 'tiny_dnn::nn_error'
  what():  Typename is not registered
